mode: set
parkir-pintar/services/presence/internal/presence/presence.go:15.95,21.2 4 0
parkir-pintar/services/presence/internal/presence/repository/init.go:44.34,46.2 1 0
parkir-pintar/services/presence/internal/presence/repository/presence.go:17.149,30.16 4 1
parkir-pintar/services/presence/internal/presence/repository/presence.go:30.16,31.36 1 1
parkir-pintar/services/presence/internal/presence/repository/presence.go:31.36,33.4 1 1
parkir-pintar/services/presence/internal/presence/repository/presence.go:34.3,35.70 2 1
parkir-pintar/services/presence/internal/presence/repository/presence.go:37.2,37.18 1 1
parkir-pintar/services/presence/internal/presence/repository/presence.go:41.181,43.16 2 1
parkir-pintar/services/presence/internal/presence/repository/presence.go:43.16,46.3 2 1
parkir-pintar/services/presence/internal/presence/repository/presence.go:47.2,47.15 1 1
parkir-pintar/services/presence/internal/presence/repository/presence.go:47.15,48.17 1 1
parkir-pintar/services/presence/internal/presence/repository/presence.go:48.17,50.4 1 1
parkir-pintar/services/presence/internal/presence/repository/presence.go:53.2,67.16 3 1
parkir-pintar/services/presence/internal/presence/repository/presence.go:67.16,70.3 2 1
parkir-pintar/services/presence/internal/presence/repository/presence.go:72.2,76.16 2 1
parkir-pintar/services/presence/internal/presence/repository/presence.go:76.16,79.3 2 1
parkir-pintar/services/presence/internal/presence/repository/presence.go:81.2,81.38 1 1
parkir-pintar/services/presence/internal/presence/repository/presence.go:81.38,84.3 2 1
parkir-pintar/services/presence/internal/presence/repository/presence.go:86.2,86.22 1 1
parkir-pintar/services/presence/internal/presence/repository/presence.go:90.138,105.16 4 1
parkir-pintar/services/presence/internal/presence/repository/presence.go:105.16,106.36 1 1
parkir-pintar/services/presence/internal/presence/repository/presence.go:106.36,108.4 1 1
parkir-pintar/services/presence/internal/presence/repository/presence.go:109.3,110.66 2 1
parkir-pintar/services/presence/internal/presence/repository/presence.go:112.2,112.16 1 1
parkir-pintar/services/presence/internal/presence/repository/presence.go:116.152,118.16 2 1
parkir-pintar/services/presence/internal/presence/repository/presence.go:118.16,121.3 2 1
parkir-pintar/services/presence/internal/presence/repository/presence.go:122.2,122.15 1 1
parkir-pintar/services/presence/internal/presence/repository/presence.go:122.15,123.17 1 1
parkir-pintar/services/presence/internal/presence/repository/presence.go:123.17,125.4 1 1
parkir-pintar/services/presence/internal/presence/repository/presence.go:128.2,132.16 2 1
parkir-pintar/services/presence/internal/presence/repository/presence.go:132.16,135.3 2 1
parkir-pintar/services/presence/internal/presence/repository/presence.go:137.2,141.16 2 1
parkir-pintar/services/presence/internal/presence/repository/presence.go:141.16,144.3 2 1
parkir-pintar/services/presence/internal/presence/repository/presence.go:146.2,150.16 2 1
parkir-pintar/services/presence/internal/presence/repository/presence.go:150.16,153.3 2 1
parkir-pintar/services/presence/internal/presence/repository/presence.go:155.2,155.38 1 1
parkir-pintar/services/presence/internal/presence/repository/presence.go:155.38,158.3 2 1
parkir-pintar/services/presence/internal/presence/repository/presence.go:160.2,160.12 1 1
parkir-pintar/services/presence/internal/presence/repository/presence.go:164.121,179.16 4 1
parkir-pintar/services/presence/internal/presence/repository/presence.go:179.16,180.36 1 1
parkir-pintar/services/presence/internal/presence/repository/presence.go:180.36,182.4 1 1
parkir-pintar/services/presence/internal/presence/repository/presence.go:183.3,184.66 2 1
parkir-pintar/services/presence/internal/presence/repository/presence.go:186.2,186.16 1 1
parkir-pintar/services/presence/internal/presence/handler/init.go:19.61,21.2 1 0
parkir-pintar/services/presence/internal/presence/handler/init.go:24.34,26.2 1 1
parkir-pintar/services/presence/internal/presence/handler/presence.go:17.108,18.38 1 1
parkir-pintar/services/presence/internal/presence/handler/presence.go:18.38,20.3 1 1
parkir-pintar/services/presence/internal/presence/handler/presence.go:21.2,21.33 1 1
parkir-pintar/services/presence/internal/presence/handler/presence.go:21.33,23.3 1 1
parkir-pintar/services/presence/internal/presence/handler/presence.go:25.2,26.28 2 1
parkir-pintar/services/presence/internal/presence/handler/presence.go:26.28,28.3 1 1
parkir-pintar/services/presence/internal/presence/handler/presence.go:30.2,35.19 2 1
parkir-pintar/services/presence/internal/presence/handler/presence.go:35.19,37.27 2 1
parkir-pintar/services/presence/internal/presence/handler/presence.go:38.20,39.60 1 1
parkir-pintar/services/presence/internal/presence/handler/presence.go:40.19,41.70 1 1
parkir-pintar/services/presence/internal/presence/handler/presence.go:42.11,43.60 1 1
parkir-pintar/services/presence/internal/presence/handler/presence.go:47.2,51.8 1 1
parkir-pintar/services/presence/internal/presence/handler/presence.go:54.111,55.34 1 1
parkir-pintar/services/presence/internal/presence/handler/presence.go:55.34,57.3 1 1
parkir-pintar/services/presence/internal/presence/handler/presence.go:58.2,58.33 1 1
parkir-pintar/services/presence/internal/presence/handler/presence.go:58.33,60.3 1 1
parkir-pintar/services/presence/internal/presence/handler/presence.go:62.2,63.29 2 1
parkir-pintar/services/presence/internal/presence/handler/presence.go:63.29,65.3 1 1
parkir-pintar/services/presence/internal/presence/handler/presence.go:67.2,72.19 2 1
parkir-pintar/services/presence/internal/presence/handler/presence.go:72.19,74.27 2 1
parkir-pintar/services/presence/internal/presence/handler/presence.go:75.20,76.60 1 1
parkir-pintar/services/presence/internal/presence/handler/presence.go:77.19,78.70 1 1
parkir-pintar/services/presence/internal/presence/handler/presence.go:79.11,80.60 1 1
parkir-pintar/services/presence/internal/presence/handler/presence.go:84.2,91.8 1 1
parkir-pintar/services/presence/internal/presence/handler/presence.go:94.117,95.34 1 1
parkir-pintar/services/presence/internal/presence/handler/presence.go:95.34,97.3 1 1
parkir-pintar/services/presence/internal/presence/handler/presence.go:99.2,100.19 2 1
parkir-pintar/services/presence/internal/presence/handler/presence.go:100.19,102.27 2 1
parkir-pintar/services/presence/internal/presence/handler/presence.go:103.20,104.60 1 1
parkir-pintar/services/presence/internal/presence/handler/presence.go:105.11,106.60 1 1
parkir-pintar/services/presence/internal/presence/handler/presence.go:110.2,118.29 2 1
parkir-pintar/services/presence/internal/presence/handler/presence.go:118.29,120.3 1 1
parkir-pintar/services/presence/internal/presence/handler/presence.go:122.2,122.19 1 1
parkir-pintar/services/presence/internal/presence/usecase/check_in.go:13.127,16.19 2 1
parkir-pintar/services/presence/internal/presence/usecase/check_in.go:16.19,18.3 1 1
parkir-pintar/services/presence/internal/presence/usecase/check_in.go:21.2,21.60 1 1
parkir-pintar/services/presence/internal/presence/usecase/check_in.go:21.60,23.3 1 1
parkir-pintar/services/presence/internal/presence/usecase/check_in.go:26.2,26.78 1 1
parkir-pintar/services/presence/internal/presence/usecase/check_in.go:26.78,28.3 1 1
parkir-pintar/services/presence/internal/presence/usecase/check_in.go:31.2,32.26 2 1
parkir-pintar/services/presence/internal/presence/usecase/check_in.go:32.26,34.3 1 1
parkir-pintar/services/presence/internal/presence/usecase/check_in.go:36.2,37.19 2 1
parkir-pintar/services/presence/internal/presence/usecase/check_in.go:37.19,39.3 1 1
parkir-pintar/services/presence/internal/presence/usecase/check_in.go:41.2,50.8 2 1
parkir-pintar/services/presence/internal/presence/usecase/check_out.go:13.130,16.19 2 1
parkir-pintar/services/presence/internal/presence/usecase/check_out.go:16.19,18.3 1 1
parkir-pintar/services/presence/internal/presence/usecase/check_out.go:20.2,20.49 1 1
parkir-pintar/services/presence/internal/presence/usecase/check_out.go:20.49,22.3 1 1
parkir-pintar/services/presence/internal/presence/usecase/check_out.go:25.2,26.27 2 1
parkir-pintar/services/presence/internal/presence/usecase/check_out.go:26.27,28.3 1 1
parkir-pintar/services/presence/internal/presence/usecase/check_out.go:30.2,30.124 1 1
parkir-pintar/services/presence/internal/presence/usecase/check_out.go:30.124,32.3 1 1
parkir-pintar/services/presence/internal/presence/usecase/check_out.go:35.2,42.19 2 1
parkir-pintar/services/presence/internal/presence/usecase/check_out.go:42.19,48.3 2 0
parkir-pintar/services/presence/internal/presence/usecase/check_out.go:50.2,62.8 2 1
parkir-pintar/services/presence/internal/presence/usecase/get_session.go:10.125,12.19 2 1
parkir-pintar/services/presence/internal/presence/usecase/get_session.go:12.19,14.3 1 1
parkir-pintar/services/presence/internal/presence/usecase/get_session.go:16.2,24.8 1 1
parkir-pintar/services/presence/internal/presence/usecase/init.go:31.86,36.2 1 0
